2016/04/20 05:56:04 [error] [php] mail(): Failed to connect to mailserver at &quot;localhost&quot; port 25, verify your &quot;SMTP&quot; and &quot;smtp_port&quot; setting in php.ini or use ini_set() (D:\zendwork\my_blog\blog\protected\controllers\SiteController.php:67)
Stack trace:
#0 D:\zendwork\my_blog\framework\web\CController.php(308): CInlineAction->runWithParams()
#1 D:\zendwork\my_blog\framework\web\CController.php(286): SiteController->runAction()
#2 D:\zendwork\my_blog\framework\web\CController.php(265): SiteController->runActionWithFilters()
#3 D:\zendwork\my_blog\framework\web\CWebApplication.php(282): SiteController->run()
#4 D:\zendwork\my_blog\framework\web\CWebApplication.php(141): CWebApplication->runController()
#5 D:\zendwork\my_blog\framework\base\CApplication.php(184): CWebApplication->processRequest()
#6 D:\zendwork\my_blog\blog\index.php(13): CWebApplication->run()
REQUEST_URI=/index.php/site/contact
in D:\zendwork\my_blog\blog\protected\controllers\SiteController.php (67)
in D:\zendwork\my_blog\blog\index.php (13)
2016/04/20 05:57:28 [error] [php] mail(): Failed to connect to mailserver at &quot;localhost&quot; port 25, verify your &quot;SMTP&quot; and &quot;smtp_port&quot; setting in php.ini or use ini_set() (D:\zendwork\my_blog\blog\protected\controllers\SiteController.php:67)
Stack trace:
#0 D:\zendwork\my_blog\framework\web\CController.php(308): CInlineAction->runWithParams()
#1 D:\zendwork\my_blog\framework\web\CController.php(286): SiteController->runAction()
#2 D:\zendwork\my_blog\framework\web\CController.php(265): SiteController->runActionWithFilters()
#3 D:\zendwork\my_blog\framework\web\CWebApplication.php(282): SiteController->run()
#4 D:\zendwork\my_blog\framework\web\CWebApplication.php(141): CWebApplication->runController()
#5 D:\zendwork\my_blog\framework\base\CApplication.php(184): CWebApplication->processRequest()
#6 D:\zendwork\my_blog\blog\index.php(13): CWebApplication->run()
REQUEST_URI=/index.php/site/contact
in D:\zendwork\my_blog\blog\protected\controllers\SiteController.php (67)
in D:\zendwork\my_blog\blog\index.php (13)
2016/04/20 05:57:55 [error] [php] mail(): Failed to connect to mailserver at &quot;localhost&quot; port 25, verify your &quot;SMTP&quot; and &quot;smtp_port&quot; setting in php.ini or use ini_set() (D:\zendwork\my_blog\blog\protected\controllers\SiteController.php:67)
Stack trace:
#0 D:\zendwork\my_blog\framework\web\CController.php(308): CInlineAction->runWithParams()
#1 D:\zendwork\my_blog\framework\web\CController.php(286): SiteController->runAction()
#2 D:\zendwork\my_blog\framework\web\CController.php(265): SiteController->runActionWithFilters()
#3 D:\zendwork\my_blog\framework\web\CWebApplication.php(282): SiteController->run()
#4 D:\zendwork\my_blog\framework\web\CWebApplication.php(141): CWebApplication->runController()
#5 D:\zendwork\my_blog\framework\base\CApplication.php(184): CWebApplication->processRequest()
#6 D:\zendwork\my_blog\blog\index.php(13): CWebApplication->run()
REQUEST_URI=/index.php/site/contact
in D:\zendwork\my_blog\blog\protected\controllers\SiteController.php (67)
in D:\zendwork\my_blog\blog\index.php (13)
2016/04/20 07:38:06 [error] [exception.CDbException] exception 'CDbException' with message 'CDbConnection failed to open the DB connection: SQLSTATE[HY000] [1049] Base 'blog' inconnue' in D:\zendwork\my_blog\framework\db\CDbConnection.php:399
Stack trace:
#0 D:\zendwork\my_blog\framework\db\CDbConnection.php(347): CDbConnection->open()
#1 D:\zendwork\my_blog\framework\db\CDbConnection.php(325): CDbConnection->setActive(true)
#2 D:\zendwork\my_blog\framework\base\CModule.php(394): CDbConnection->init()
#3 D:\zendwork\my_blog\framework\base\CModule.php(103): CModule->getComponent('db')
#4 D:\zendwork\my_blog\framework\gii\generators\model\ModelCode.php(60): CModule->__get('db')
#5 D:\zendwork\my_blog\framework\web\CFormModel.php(39): ModelCode->init()
#6 D:\zendwork\my_blog\framework\gii\CCodeGenerator.php(153): CFormModel->__construct()
#7 D:\zendwork\my_blog\framework\gii\CCodeGenerator.php(63): CCodeGenerator->prepare()
#8 D:\zendwork\my_blog\framework\web\actions\CInlineAction.php(49): CCodeGenerator->actionIndex()
#9 D:\zendwork\my_blog\framework\web\CController.php(308): CInlineAction->runWithParams(Array)
#10 D:\zendwork\my_blog\framework\web\CController.php(286): CController->runAction(Object(CInlineAction))
#11 D:\zendwork\my_blog\framework\web\CController.php(265): CController->runActionWithFilters(Object(CInlineAction), Array)
#12 D:\zendwork\my_blog\framework\web\CWebApplication.php(282): CController->run('index')
#13 D:\zendwork\my_blog\framework\web\CWebApplication.php(141): CWebApplication->runController('gii/model/index')
#14 D:\zendwork\my_blog\framework\base\CApplication.php(184): CWebApplication->processRequest()
#15 D:\zendwork\my_blog\blog\index.php(13): CApplication->run()
#16 {main}
REQUEST_URI=/index.php/gii/model/index
HTTP_REFERER=http://blog.com/index.php/gii/default/index
---
